{"/Users/karthiks/projects/personal/openshiftapps/node/models/board.js":{"path":"/Users/karthiks/projects/personal/openshiftapps/node/models/board.js","s":{"1":1,"2":2,"3":1,"4":1,"5":2,"6":1},"b":{},"f":{"1":2,"2":1},"fnMap":{"1":{"name":"(anonymous_1)","line":1,"loc":{"start":{"line":1,"column":10},"end":{"line":1,"column":20}}},"2":{"name":"addPlayer","line":8,"loc":{"start":{"line":8,"column":2},"end":{"line":8,"column":28}}}},"statementMap":{"1":{"start":{"line":1,"column":0},"end":{"line":16,"column":1}},"2":{"start":{"line":4,"column":2},"end":{"line":4,"column":17}},"3":{"start":{"line":8,"column":2},"end":{"line":10,"column":3}},"4":{"start":{"line":9,"column":4},"end":{"line":9,"column":25}},"5":{"start":{"line":12,"column":2},"end":{"line":15,"column":3}},"6":{"start":{"line":18,"column":0},"end":{"line":18,"column":23}}},"branchMap":{}},"/Users/karthiks/projects/personal/openshiftapps/node/models/player.js":{"path":"/Users/karthiks/projects/personal/openshiftapps/node/models/player.js","s":{"1":1,"2":1,"3":1,"4":1,"5":1,"6":1,"7":1,"8":1,"9":0,"10":0,"11":1,"12":1},"b":{"1":[1,1],"2":[1,1]},"f":{"1":1,"2":0},"fnMap":{"1":{"name":"(anonymous_1)","line":1,"loc":{"start":{"line":1,"column":11},"end":{"line":1,"column":21}}},"2":{"name":"init","line":12,"loc":{"start":{"line":12,"column":2},"end":{"line":12,"column":24}}}},"statementMap":{"1":{"start":{"line":1,"column":0},"end":{"line":21,"column":1}},"2":{"start":{"line":3,"column":2},"end":{"line":3,"column":20}},"3":{"start":{"line":4,"column":2},"end":{"line":4,"column":47}},"4":{"start":{"line":5,"column":2},"end":{"line":5,"column":36}},"5":{"start":{"line":6,"column":2},"end":{"line":6,"column":38}},"6":{"start":{"line":7,"column":2},"end":{"line":7,"column":39}},"7":{"start":{"line":8,"column":2},"end":{"line":8,"column":39}},"8":{"start":{"line":12,"column":2},"end":{"line":15,"column":3}},"9":{"start":{"line":13,"column":4},"end":{"line":13,"column":15}},"10":{"start":{"line":14,"column":4},"end":{"line":14,"column":19}},"11":{"start":{"line":16,"column":2},"end":{"line":20,"column":4}},"12":{"start":{"line":23,"column":0},"end":{"line":23,"column":24}}},"branchMap":{"1":{"line":17,"type":"binary-expr","locations":[{"start":{"line":17,"column":8},"end":{"line":17,"column":15}},{"start":{"line":17,"column":19},"end":{"line":17,"column":20}}]},"2":{"line":18,"type":"binary-expr","locations":[{"start":{"line":18,"column":10},"end":{"line":18,"column":19}},{"start":{"line":18,"column":23},"end":{"line":18,"column":32}}]}}}}