TN:
SF:/Users/karthiks/projects/personal/openshiftapps/node/models/board.js
FN:1,(anonymous_1)
FN:8,addPlayer
FNF:2
FNH:2
FNDA:2,(anonymous_1)
FNDA:1,addPlayer
DA:1,1
DA:4,2
DA:8,1
DA:9,1
DA:12,2
DA:18,1
LF:6
LH:6
BRF:0
BRH:0
end_of_record
TN:
SF:/Users/karthiks/projects/personal/openshiftapps/node/models/player.js
FN:1,(anonymous_1)
FN:12,init
FNF:2
FNH:1
FNDA:1,(anonymous_1)
FNDA:0,init
DA:1,1
DA:3,1
DA:4,1
DA:5,1
DA:6,1
DA:7,1
DA:8,1
DA:12,1
DA:13,0
DA:14,0
DA:16,1
DA:23,1
LF:12
LH:10
BRDA:17,1,0,1
BRDA:17,1,1,1
BRDA:18,2,0,1
BRDA:18,2,1,1
BRF:4
BRH:4
end_of_record
